<?xml version="1.0" encoding="UTF-8"?>
<!-- Generated by org.testng.reporters.JUnitReportReporter -->
<testsuite hostname="Dell" failures="0" tests="2" name="TestNG.D135_writin_TEstng_Demo" time="0.007" errors="0" timestamp="19 Jul 2020 18:52:13 GMT" skipped="0">
  <testcase classname="TestNG.D135_writin_TEstng_Demo" name="Demo" time="0.006"/>
  <testcase classname="TestNG.D135_writin_TEstng_Demo" name="Demo1" time="0.001"/>
</testsuite> <!-- TestNG.D135_writin_TEstng_Demo -->
