<?xml version="1.0" encoding="UTF-8"?>
<!-- Generated by org.testng.reporters.JUnitReportReporter -->
<testsuite hostname="Dell" failures="0" tests="1" name="TestNG.NewTest" time="0.001" errors="0" timestamp="2021-04-17T12:37:20 IST" skipped="0">
  <testcase classname="TestNG.NewTest" name="f" time="0.001"/>
  <system-out/>
</testsuite> <!-- TestNG.NewTest -->
