<?xml version="1.0" encoding="UTF-8"?>
<!-- Generated by org.testng.reporters.JUnitReportReporter -->
<testsuite hostname="Dell" failures="0" tests="6" name="TestNG.day3Carloan" time="0.017" errors="0" timestamp="2021-04-17T12:43:37 IST" skipped="0">
  <testcase classname="TestNG.day3Carloan" name="WebloaginCarloan" time="0.002"/>
  <system-out/>
  <testcase classname="TestNG.day3Carloan" name="MobileloaginCarloan5" time="0.002"/>
  <system-out/>
  <testcase classname="TestNG.day3Carloan" name="LoginAPi" time="0.005"/>
  <system-out/>
  <testcase classname="TestNG.day3Carloan" name="MobileloaginCarloan4" time="0.005"/>
  <system-out/>
  <testcase classname="TestNG.day3Carloan" name="loaginCarloan2" time="0.002"/>
  <system-out/>
  <testcase classname="TestNG.day3Carloan" name="loaginCarloan3" time="0.001"/>
  <system-out/>
</testsuite> <!-- TestNG.day3Carloan -->
