<?xml version="1.0" encoding="UTF-8"?>
<!-- Generated by org.testng.reporters.JUnitReportReporter -->
<testsuite hostname="Dell" failures="0" tests="2" name="TestNG.D135_Day1" time="0.002" errors="0" timestamp="2021-04-17T12:01:14 IST" skipped="0">
  <testcase classname="TestNG.D135_Day1" name="Demo" time="0.001"/>
  <system-out/>
  <testcase classname="TestNG.D135_Day1" name="Demo1" time="0.001"/>
  <system-out/>
</testsuite> <!-- TestNG.D135_Day1 -->
