<?xml version="1.0" encoding="UTF-8"?>
<!-- Generated by org.testng.reporters.JUnitReportReporter -->
<testsuite hostname="Dell" failures="0" tests="3" name="TestNG.Day2" time="0.006" errors="0" timestamp="2021-04-17T12:37:20 IST" skipped="0">
  <testcase classname="TestNG.Day2" name="Demotest3" time="0.001"/>
  <system-out/>
  <testcase classname="TestNG.Day2" name="Demotest2" time="0.004"/>
  <system-out/>
  <testcase classname="TestNG.Day2" name="Demotest4" time="0.001"/>
  <system-out/>
</testsuite> <!-- TestNG.Day2 -->
