<?xml version="1.0" encoding="UTF-8"?>
<!-- Generated by org.testng.reporters.JUnitReportReporter -->
<testsuite hostname="Dell" failures="0" tests="3" name="TestNG.day4_Home_loan" time="0.007" errors="0" timestamp="2021-04-18T01:24:11 IST" skipped="0">
  <testcase classname="TestNG.day4_Home_loan" name="WebloaginHomeloan" time="0.001"/>
  <system-out/>
  <testcase classname="TestNG.day4_Home_loan" name="WebloaginHomeloan" time="0.001"/>
  <system-out/>
  <testcase classname="TestNG.day4_Home_loan" name="WebloaginHomeloan" time="0.005"/>
  <system-out/>
</testsuite> <!-- TestNG.day4_Home_loan -->
